CRITICAL - 2022-04-09 03:39:04 --> Call to undefined method App\Models\UserModel::getUserByUsername
#0 C:\xampp\htdocs\Pemsi_UTS\app\Controllers\Home.php(63): CodeIgniter\Model->__call('getUserByUserna...', Array)
#1 C:\xampp\htdocs\Pemsi_UTS\system\CodeIgniter.php(832): App\Controllers\Home->daftar()
#2 C:\xampp\htdocs\Pemsi_UTS\system\CodeIgniter.php(419): CodeIgniter\CodeIgniter->runController(Object(App\Controllers\Home))
#3 C:\xampp\htdocs\Pemsi_UTS\system\CodeIgniter.php(326): CodeIgniter\CodeIgniter->handleRequest(NULL, Object(Config\Cache), false)
#4 C:\xampp\htdocs\Pemsi_UTS\public\index.php(37): CodeIgniter\CodeIgniter->run()
#5 C:\xampp\htdocs\Pemsi_UTS\system\Commands\Server\rewrite.php(43): require_once('C:\\xampp\\htdocs...')
#6 {main}
CRITICAL - 2022-04-09 03:41:58 --> Call to undefined method App\Models\UserModel::getUserByUsername
#0 C:\xampp\htdocs\Pemsi_UTS\app\Controllers\Home.php(63): CodeIgniter\Model->__call('getUserByUserna...', Array)
#1 C:\xampp\htdocs\Pemsi_UTS\system\CodeIgniter.php(832): App\Controllers\Home->daftar()
#2 C:\xampp\htdocs\Pemsi_UTS\system\CodeIgniter.php(419): CodeIgniter\CodeIgniter->runController(Object(App\Controllers\Home))
#3 C:\xampp\htdocs\Pemsi_UTS\system\CodeIgniter.php(326): CodeIgniter\CodeIgniter->handleRequest(NULL, Object(Config\Cache), false)
#4 C:\xampp\htdocs\Pemsi_UTS\public\index.php(37): CodeIgniter\CodeIgniter->run()
#5 C:\xampp\htdocs\Pemsi_UTS\system\Commands\Server\rewrite.php(43): require_once('C:\\xampp\\htdocs...')
#6 {main}
CRITICAL - 2022-04-09 03:46:07 --> Call to undefined method App\Models\UserModel::getUserByUsername
#0 C:\xampp\htdocs\Pemsi_UTS\app\Controllers\Home.php(63): CodeIgniter\Model->__call('getUserByUserna...', Array)
#1 C:\xampp\htdocs\Pemsi_UTS\system\CodeIgniter.php(832): App\Controllers\Home->daftar()
#2 C:\xampp\htdocs\Pemsi_UTS\system\CodeIgniter.php(419): CodeIgniter\CodeIgniter->runController(Object(App\Controllers\Home))
#3 C:\xampp\htdocs\Pemsi_UTS\system\CodeIgniter.php(326): CodeIgniter\CodeIgniter->handleRequest(NULL, Object(Config\Cache), false)
#4 C:\xampp\htdocs\Pemsi_UTS\public\index.php(37): CodeIgniter\CodeIgniter->run()
#5 C:\xampp\htdocs\Pemsi_UTS\system\Commands\Server\rewrite.php(43): require_once('C:\\xampp\\htdocs...')
#6 {main}
CRITICAL - 2022-04-09 03:51:00 -->  route cannot be found while reverse-routing.
#0 C:\xampp\htdocs\Pemsi_UTS\system\HTTP\RedirectResponse.php(56): CodeIgniter\HTTP\Exceptions\HTTPException::forInvalidRedirectRoute('')
#1 C:\xampp\htdocs\Pemsi_UTS\system\Common.php(832): CodeIgniter\HTTP\RedirectResponse->route(false)
#2 C:\xampp\htdocs\Pemsi_UTS\app\Controllers\Home.php(70): redirect('Home/login')
#3 C:\xampp\htdocs\Pemsi_UTS\system\CodeIgniter.php(832): App\Controllers\Home->daftar()
#4 C:\xampp\htdocs\Pemsi_UTS\system\CodeIgniter.php(419): CodeIgniter\CodeIgniter->runController(Object(App\Controllers\Home))
#5 C:\xampp\htdocs\Pemsi_UTS\system\CodeIgniter.php(326): CodeIgniter\CodeIgniter->handleRequest(NULL, Object(Config\Cache), false)
#6 C:\xampp\htdocs\Pemsi_UTS\public\index.php(37): CodeIgniter\CodeIgniter->run()
#7 C:\xampp\htdocs\Pemsi_UTS\system\Commands\Server\rewrite.php(43): require_once('C:\\xampp\\htdocs...')
#8 {main}
CRITICAL - 2022-04-09 03:54:35 -->  route cannot be found while reverse-routing.
#0 C:\xampp\htdocs\Pemsi_UTS\system\HTTP\RedirectResponse.php(56): CodeIgniter\HTTP\Exceptions\HTTPException::forInvalidRedirectRoute('')
#1 C:\xampp\htdocs\Pemsi_UTS\system\Common.php(832): CodeIgniter\HTTP\RedirectResponse->route(false)
#2 C:\xampp\htdocs\Pemsi_UTS\app\Controllers\Home.php(70): redirect('Home/login')
#3 C:\xampp\htdocs\Pemsi_UTS\system\CodeIgniter.php(832): App\Controllers\Home->daftar()
#4 C:\xampp\htdocs\Pemsi_UTS\system\CodeIgniter.php(419): CodeIgniter\CodeIgniter->runController(Object(App\Controllers\Home))
#5 C:\xampp\htdocs\Pemsi_UTS\system\CodeIgniter.php(326): CodeIgniter\CodeIgniter->handleRequest(NULL, Object(Config\Cache), false)
#6 C:\xampp\htdocs\Pemsi_UTS\public\index.php(37): CodeIgniter\CodeIgniter->run()
#7 C:\xampp\htdocs\Pemsi_UTS\system\Commands\Server\rewrite.php(43): require_once('C:\\xampp\\htdocs...')
#8 {main}
CRITICAL - 2022-04-09 04:18:23 --> Undefined property: App\Controllers\Penjual::$load
#0 C:\xampp\htdocs\Pemsi_UTS\app\Controllers\Penjual.php(12): CodeIgniter\Debug\Exceptions->errorHandler(8, 'Undefined prope...', 'C:\\xampp\\htdocs...', 12, Array)
#1 C:\xampp\htdocs\Pemsi_UTS\system\CodeIgniter.php(809): App\Controllers\Penjual->__construct()
#2 C:\xampp\htdocs\Pemsi_UTS\system\CodeIgniter.php(410): CodeIgniter\CodeIgniter->createController()
#3 C:\xampp\htdocs\Pemsi_UTS\system\CodeIgniter.php(326): CodeIgniter\CodeIgniter->handleRequest(NULL, Object(Config\Cache), false)
#4 C:\xampp\htdocs\Pemsi_UTS\public\index.php(37): CodeIgniter\CodeIgniter->run()
#5 C:\xampp\htdocs\Pemsi_UTS\system\Commands\Server\rewrite.php(43): require_once('C:\\xampp\\htdocs...')
#6 {main}
CRITICAL - 2022-04-09 04:19:50 --> Undefined property: App\Controllers\Penjual::$load
#0 C:\xampp\htdocs\Pemsi_UTS\app\Controllers\Penjual.php(12): CodeIgniter\Debug\Exceptions->errorHandler(8, 'Undefined prope...', 'C:\\xampp\\htdocs...', 12, Array)
#1 C:\xampp\htdocs\Pemsi_UTS\system\CodeIgniter.php(809): App\Controllers\Penjual->__construct()
#2 C:\xampp\htdocs\Pemsi_UTS\system\CodeIgniter.php(410): CodeIgniter\CodeIgniter->createController()
#3 C:\xampp\htdocs\Pemsi_UTS\system\CodeIgniter.php(326): CodeIgniter\CodeIgniter->handleRequest(NULL, Object(Config\Cache), false)
#4 C:\xampp\htdocs\Pemsi_UTS\public\index.php(37): CodeIgniter\CodeIgniter->run()
#5 C:\xampp\htdocs\Pemsi_UTS\system\Commands\Server\rewrite.php(43): require_once('C:\\xampp\\htdocs...')
#6 {main}
