CRITICAL - 2022-04-12 18:40:36 --> syntax error, unexpected '}'
#0 C:\xampp\htdocs\Pemsi_UTS\system\Router\Router.php(175): CodeIgniter\Router\Router->autoRoute('Penjual/create')
#1 C:\xampp\htdocs\Pemsi_UTS\system\CodeIgniter.php(726): CodeIgniter\Router\Router->handle('Penjual/create')
#2 C:\xampp\htdocs\Pemsi_UTS\system\CodeIgniter.php(368): CodeIgniter\CodeIgniter->tryToRouteIt(Object(CodeIgniter\Router\RouteCollection))
#3 C:\xampp\htdocs\Pemsi_UTS\system\CodeIgniter.php(326): CodeIgniter\CodeIgniter->handleRequest(NULL, Object(Config\Cache), false)
#4 C:\xampp\htdocs\Pemsi_UTS\public\index.php(37): CodeIgniter\CodeIgniter->run()
#5 C:\xampp\htdocs\Pemsi_UTS\system\Commands\Server\rewrite.php(43): require_once('C:\\xampp\\htdocs...')
#6 {main}
ERROR - 2022-04-12 19:26:46 --> Duplicate entry '1' for key 'bulan'
CRITICAL - 2022-04-12 19:26:46 --> Duplicate entry '1' for key 'bulan'
#0 C:\xampp\htdocs\Pemsi_UTS\system\Database\MySQLi\Connection.php(292): mysqli->query('INSERT INTO `tb...', 0)
#1 C:\xampp\htdocs\Pemsi_UTS\system\Database\BaseConnection.php(670): CodeIgniter\Database\MySQLi\Connection->execute('INSERT INTO `tb...')
#2 C:\xampp\htdocs\Pemsi_UTS\system\Database\BaseConnection.php(598): CodeIgniter\Database\BaseConnection->simpleQuery('INSERT INTO `tb...')
#3 C:\xampp\htdocs\Pemsi_UTS\system\Database\BaseBuilder.php(1771): CodeIgniter\Database\BaseConnection->query('INSERT INTO `tb...', Array, false)
#4 C:\xampp\htdocs\Pemsi_UTS\system\Model.php(239): CodeIgniter\Database\BaseBuilder->insert()
#5 C:\xampp\htdocs\Pemsi_UTS\system\BaseModel.php(738): CodeIgniter\Model->doInsert(Array)
#6 C:\xampp\htdocs\Pemsi_UTS\system\Model.php(625): CodeIgniter\BaseModel->insert(Array, true)
#7 C:\xampp\htdocs\Pemsi_UTS\app\Controllers\Penjual.php(42): CodeIgniter\Model->insert(Array)
#8 C:\xampp\htdocs\Pemsi_UTS\system\CodeIgniter.php(832): App\Controllers\Penjual->tambahpermintaan()
#9 C:\xampp\htdocs\Pemsi_UTS\system\CodeIgniter.php(419): CodeIgniter\CodeIgniter->runController(Object(App\Controllers\Penjual))
#10 C:\xampp\htdocs\Pemsi_UTS\system\CodeIgniter.php(326): CodeIgniter\CodeIgniter->handleRequest(NULL, Object(Config\Cache), false)
#11 C:\xampp\htdocs\Pemsi_UTS\public\index.php(37): CodeIgniter\CodeIgniter->run()
#12 C:\xampp\htdocs\Pemsi_UTS\system\Commands\Server\rewrite.php(43): require_once('C:\\xampp\\htdocs...')
#13 {main}
ERROR - 2022-04-12 19:42:07 --> Duplicate entry '1' for key 'bulan'
CRITICAL - 2022-04-12 19:42:07 --> Duplicate entry '1' for key 'bulan'
#0 C:\xampp\htdocs\Pemsi_UTS\system\Database\MySQLi\Connection.php(292): mysqli->query('INSERT INTO `tb...', 0)
#1 C:\xampp\htdocs\Pemsi_UTS\system\Database\BaseConnection.php(670): CodeIgniter\Database\MySQLi\Connection->execute('INSERT INTO `tb...')
#2 C:\xampp\htdocs\Pemsi_UTS\system\Database\BaseConnection.php(598): CodeIgniter\Database\BaseConnection->simpleQuery('INSERT INTO `tb...')
#3 C:\xampp\htdocs\Pemsi_UTS\system\Database\BaseBuilder.php(1771): CodeIgniter\Database\BaseConnection->query('INSERT INTO `tb...', Array, false)
#4 C:\xampp\htdocs\Pemsi_UTS\system\Model.php(239): CodeIgniter\Database\BaseBuilder->insert()
#5 C:\xampp\htdocs\Pemsi_UTS\system\BaseModel.php(738): CodeIgniter\Model->doInsert(Array)
#6 C:\xampp\htdocs\Pemsi_UTS\system\Model.php(625): CodeIgniter\BaseModel->insert(Array, true)
#7 C:\xampp\htdocs\Pemsi_UTS\app\Controllers\Penjual.php(44): CodeIgniter\Model->insert(Array)
#8 C:\xampp\htdocs\Pemsi_UTS\system\CodeIgniter.php(832): App\Controllers\Penjual->tambahpermintaan()
#9 C:\xampp\htdocs\Pemsi_UTS\system\CodeIgniter.php(419): CodeIgniter\CodeIgniter->runController(Object(App\Controllers\Penjual))
#10 C:\xampp\htdocs\Pemsi_UTS\system\CodeIgniter.php(326): CodeIgniter\CodeIgniter->handleRequest(NULL, Object(Config\Cache), false)
#11 C:\xampp\htdocs\Pemsi_UTS\public\index.php(37): CodeIgniter\CodeIgniter->run()
#12 C:\xampp\htdocs\Pemsi_UTS\system\Commands\Server\rewrite.php(43): require_once('C:\\xampp\\htdocs...')
#13 {main}
CRITICAL - 2022-04-12 19:42:21 --> Undefined index: penaksiran
#0 C:\xampp\htdocs\Pemsi_UTS\app\Controllers\Penjual.php(48): CodeIgniter\Debug\Exceptions->errorHandler(8, 'Undefined index...', 'C:\\xampp\\htdocs...', 48, Array)
#1 C:\xampp\htdocs\Pemsi_UTS\system\CodeIgniter.php(832): App\Controllers\Penjual->tambahpermintaan()
#2 C:\xampp\htdocs\Pemsi_UTS\system\CodeIgniter.php(419): CodeIgniter\CodeIgniter->runController(Object(App\Controllers\Penjual))
#3 C:\xampp\htdocs\Pemsi_UTS\system\CodeIgniter.php(326): CodeIgniter\CodeIgniter->handleRequest(NULL, Object(Config\Cache), false)
#4 C:\xampp\htdocs\Pemsi_UTS\public\index.php(37): CodeIgniter\CodeIgniter->run()
#5 C:\xampp\htdocs\Pemsi_UTS\system\Commands\Server\rewrite.php(43): require_once('C:\\xampp\\htdocs...')
#6 {main}
ERROR - 2022-04-12 19:43:49 --> Duplicate entry '1' for key 'bulan'
CRITICAL - 2022-04-12 19:43:49 --> Duplicate entry '1' for key 'bulan'
#0 C:\xampp\htdocs\Pemsi_UTS\system\Database\MySQLi\Connection.php(292): mysqli->query('INSERT INTO `tb...', 0)
#1 C:\xampp\htdocs\Pemsi_UTS\system\Database\BaseConnection.php(670): CodeIgniter\Database\MySQLi\Connection->execute('INSERT INTO `tb...')
#2 C:\xampp\htdocs\Pemsi_UTS\system\Database\BaseConnection.php(598): CodeIgniter\Database\BaseConnection->simpleQuery('INSERT INTO `tb...')
#3 C:\xampp\htdocs\Pemsi_UTS\system\Database\BaseBuilder.php(1771): CodeIgniter\Database\BaseConnection->query('INSERT INTO `tb...', Array, false)
#4 C:\xampp\htdocs\Pemsi_UTS\system\Model.php(239): CodeIgniter\Database\BaseBuilder->insert()
#5 C:\xampp\htdocs\Pemsi_UTS\system\BaseModel.php(738): CodeIgniter\Model->doInsert(Array)
#6 C:\xampp\htdocs\Pemsi_UTS\system\Model.php(625): CodeIgniter\BaseModel->insert(Array, true)
#7 C:\xampp\htdocs\Pemsi_UTS\app\Controllers\Penjual.php(44): CodeIgniter\Model->insert(Array)
#8 C:\xampp\htdocs\Pemsi_UTS\system\CodeIgniter.php(832): App\Controllers\Penjual->tambahpermintaan()
#9 C:\xampp\htdocs\Pemsi_UTS\system\CodeIgniter.php(419): CodeIgniter\CodeIgniter->runController(Object(App\Controllers\Penjual))
#10 C:\xampp\htdocs\Pemsi_UTS\system\CodeIgniter.php(326): CodeIgniter\CodeIgniter->handleRequest(NULL, Object(Config\Cache), false)
#11 C:\xampp\htdocs\Pemsi_UTS\public\index.php(37): CodeIgniter\CodeIgniter->run()
#12 C:\xampp\htdocs\Pemsi_UTS\system\Commands\Server\rewrite.php(43): require_once('C:\\xampp\\htdocs...')
#13 {main}
CRITICAL - 2022-04-12 19:56:10 --> Undefined property: App\Controllers\Penjual::$session
#0 C:\xampp\htdocs\Pemsi_UTS\app\Controllers\Penjual.php(27): CodeIgniter\Debug\Exceptions->errorHandler(8, 'Undefined prope...', 'C:\\xampp\\htdocs...', 27, Array)
#1 C:\xampp\htdocs\Pemsi_UTS\system\CodeIgniter.php(832): App\Controllers\Penjual->create()
#2 C:\xampp\htdocs\Pemsi_UTS\system\CodeIgniter.php(419): CodeIgniter\CodeIgniter->runController(Object(App\Controllers\Penjual))
#3 C:\xampp\htdocs\Pemsi_UTS\system\CodeIgniter.php(326): CodeIgniter\CodeIgniter->handleRequest(NULL, Object(Config\Cache), false)
#4 C:\xampp\htdocs\Pemsi_UTS\public\index.php(37): CodeIgniter\CodeIgniter->run()
#5 C:\xampp\htdocs\Pemsi_UTS\system\Commands\Server\rewrite.php(43): require_once('C:\\xampp\\htdocs...')
#6 {main}
CRITICAL - 2022-04-12 20:56:57 --> Undefined variable: month
#0 C:\xampp\htdocs\Pemsi_UTS\app\Views\User\New.php(36): CodeIgniter\Debug\Exceptions->errorHandler(8, 'Undefined varia...', 'C:\\xampp\\htdocs...', 36, Array)
#1 C:\xampp\htdocs\Pemsi_UTS\system\View\View.php(210): include('C:\\xampp\\htdocs...')
#2 C:\xampp\htdocs\Pemsi_UTS\system\View\View.php(213): CodeIgniter\View\View->CodeIgniter\View\{closure}()
#3 C:\xampp\htdocs\Pemsi_UTS\system\Common.php(1089): CodeIgniter\View\View->render('User/New', Array, true)
#4 C:\xampp\htdocs\Pemsi_UTS\app\Controllers\Penjual.php(27): view('User/New', Array)
#5 C:\xampp\htdocs\Pemsi_UTS\system\CodeIgniter.php(832): App\Controllers\Penjual->create()
#6 C:\xampp\htdocs\Pemsi_UTS\system\CodeIgniter.php(419): CodeIgniter\CodeIgniter->runController(Object(App\Controllers\Penjual))
#7 C:\xampp\htdocs\Pemsi_UTS\system\CodeIgniter.php(326): CodeIgniter\CodeIgniter->handleRequest(NULL, Object(Config\Cache), false)
#8 C:\xampp\htdocs\Pemsi_UTS\public\index.php(37): CodeIgniter\CodeIgniter->run()
#9 C:\xampp\htdocs\Pemsi_UTS\system\Commands\Server\rewrite.php(43): require_once('C:\\xampp\\htdocs...')
#10 {main}
CRITICAL - 2022-04-12 20:57:44 --> Call to a member function num_rows() on array
#0 C:\xampp\htdocs\Pemsi_UTS\app\Controllers\Penjual.php(27): App\Models\permintaanModel->hitungbulan('5')
#1 C:\xampp\htdocs\Pemsi_UTS\system\CodeIgniter.php(832): App\Controllers\Penjual->create()
#2 C:\xampp\htdocs\Pemsi_UTS\system\CodeIgniter.php(419): CodeIgniter\CodeIgniter->runController(Object(App\Controllers\Penjual))
#3 C:\xampp\htdocs\Pemsi_UTS\system\CodeIgniter.php(326): CodeIgniter\CodeIgniter->handleRequest(NULL, Object(Config\Cache), false)
#4 C:\xampp\htdocs\Pemsi_UTS\public\index.php(37): CodeIgniter\CodeIgniter->run()
#5 C:\xampp\htdocs\Pemsi_UTS\system\Commands\Server\rewrite.php(43): require_once('C:\\xampp\\htdocs...')
#6 {main}
CRITICAL - 2022-04-12 21:00:10 --> Unsupported operand types
#0 C:\xampp\htdocs\Pemsi_UTS\system\View\View.php(210): include()
#1 C:\xampp\htdocs\Pemsi_UTS\system\View\View.php(213): CodeIgniter\View\View->CodeIgniter\View\{closure}()
#2 C:\xampp\htdocs\Pemsi_UTS\system\Common.php(1089): CodeIgniter\View\View->render('User/New', Array, true)
#3 C:\xampp\htdocs\Pemsi_UTS\app\Controllers\Penjual.php(28): view('User/New', Array)
#4 C:\xampp\htdocs\Pemsi_UTS\system\CodeIgniter.php(832): App\Controllers\Penjual->create()
#5 C:\xampp\htdocs\Pemsi_UTS\system\CodeIgniter.php(419): CodeIgniter\CodeIgniter->runController(Object(App\Controllers\Penjual))
#6 C:\xampp\htdocs\Pemsi_UTS\system\CodeIgniter.php(326): CodeIgniter\CodeIgniter->handleRequest(NULL, Object(Config\Cache), false)
#7 C:\xampp\htdocs\Pemsi_UTS\public\index.php(37): CodeIgniter\CodeIgniter->run()
#8 C:\xampp\htdocs\Pemsi_UTS\system\Commands\Server\rewrite.php(43): require_once('C:\\xampp\\htdocs...')
#9 {main}
CRITICAL - 2022-04-12 21:03:50 --> Unsupported operand types
#0 C:\xampp\htdocs\Pemsi_UTS\system\View\View.php(210): include()
#1 C:\xampp\htdocs\Pemsi_UTS\system\View\View.php(213): CodeIgniter\View\View->CodeIgniter\View\{closure}()
#2 C:\xampp\htdocs\Pemsi_UTS\system\Common.php(1089): CodeIgniter\View\View->render('User/New', Array, true)
#3 C:\xampp\htdocs\Pemsi_UTS\app\Controllers\Penjual.php(28): view('User/New', Array)
#4 C:\xampp\htdocs\Pemsi_UTS\system\CodeIgniter.php(832): App\Controllers\Penjual->create()
#5 C:\xampp\htdocs\Pemsi_UTS\system\CodeIgniter.php(419): CodeIgniter\CodeIgniter->runController(Object(App\Controllers\Penjual))
#6 C:\xampp\htdocs\Pemsi_UTS\system\CodeIgniter.php(326): CodeIgniter\CodeIgniter->handleRequest(NULL, Object(Config\Cache), false)
#7 C:\xampp\htdocs\Pemsi_UTS\public\index.php(37): CodeIgniter\CodeIgniter->run()
#8 C:\xampp\htdocs\Pemsi_UTS\system\Commands\Server\rewrite.php(43): require_once('C:\\xampp\\htdocs...')
#9 {main}
CRITICAL - 2022-04-12 21:13:55 --> A non-numeric value encountered
#0 C:\xampp\htdocs\Pemsi_UTS\app\Controllers\Penjual.php(47): CodeIgniter\Debug\Exceptions->errorHandler(2, 'A non-numeric v...', 'C:\\xampp\\htdocs...', 47, Array)
#1 C:\xampp\htdocs\Pemsi_UTS\system\CodeIgniter.php(832): App\Controllers\Penjual->tambahpermintaan()
#2 C:\xampp\htdocs\Pemsi_UTS\system\CodeIgniter.php(419): CodeIgniter\CodeIgniter->runController(Object(App\Controllers\Penjual))
#3 C:\xampp\htdocs\Pemsi_UTS\system\CodeIgniter.php(326): CodeIgniter\CodeIgniter->handleRequest(NULL, Object(Config\Cache), false)
#4 C:\xampp\htdocs\Pemsi_UTS\public\index.php(37): CodeIgniter\CodeIgniter->run()
#5 C:\xampp\htdocs\Pemsi_UTS\system\Commands\Server\rewrite.php(43): require_once('C:\\xampp\\htdocs...')
#6 {main}
CRITICAL - 2022-04-12 21:32:56 --> Too few arguments to function App\Controllers\Penjual::tambahpermintaan(), 0 passed in C:\xampp\htdocs\Pemsi_UTS\system\CodeIgniter.php on line 832 and exactly 1 expected
#0 C:\xampp\htdocs\Pemsi_UTS\system\CodeIgniter.php(832): App\Controllers\Penjual->tambahpermintaan()
#1 C:\xampp\htdocs\Pemsi_UTS\system\CodeIgniter.php(419): CodeIgniter\CodeIgniter->runController(Object(App\Controllers\Penjual))
#2 C:\xampp\htdocs\Pemsi_UTS\system\CodeIgniter.php(326): CodeIgniter\CodeIgniter->handleRequest(NULL, Object(Config\Cache), false)
#3 C:\xampp\htdocs\Pemsi_UTS\public\index.php(37): CodeIgniter\CodeIgniter->run()
#4 C:\xampp\htdocs\Pemsi_UTS\system\Commands\Server\rewrite.php(43): require_once('C:\\xampp\\htdocs...')
#5 {main}
CRITICAL - 2022-04-12 21:35:39 --> Undefined property: App\Controllers\Penjual::$bulan
#0 C:\xampp\htdocs\Pemsi_UTS\app\Controllers\Penjual.php(28): CodeIgniter\Debug\Exceptions->errorHandler(8, 'Undefined prope...', 'C:\\xampp\\htdocs...', 28, Array)
#1 C:\xampp\htdocs\Pemsi_UTS\system\CodeIgniter.php(832): App\Controllers\Penjual->create()
#2 C:\xampp\htdocs\Pemsi_UTS\system\CodeIgniter.php(419): CodeIgniter\CodeIgniter->runController(Object(App\Controllers\Penjual))
#3 C:\xampp\htdocs\Pemsi_UTS\system\CodeIgniter.php(326): CodeIgniter\CodeIgniter->handleRequest(NULL, Object(Config\Cache), false)
#4 C:\xampp\htdocs\Pemsi_UTS\public\index.php(37): CodeIgniter\CodeIgniter->run()
#5 C:\xampp\htdocs\Pemsi_UTS\system\Commands\Server\rewrite.php(43): require_once('C:\\xampp\\htdocs...')
#6 {main}
CRITICAL - 2022-04-12 21:35:55 --> Too few arguments to function App\Controllers\Penjual::create(), 0 passed in C:\xampp\htdocs\Pemsi_UTS\system\CodeIgniter.php on line 832 and exactly 1 expected
#0 C:\xampp\htdocs\Pemsi_UTS\system\CodeIgniter.php(832): App\Controllers\Penjual->create()
#1 C:\xampp\htdocs\Pemsi_UTS\system\CodeIgniter.php(419): CodeIgniter\CodeIgniter->runController(Object(App\Controllers\Penjual))
#2 C:\xampp\htdocs\Pemsi_UTS\system\CodeIgniter.php(326): CodeIgniter\CodeIgniter->handleRequest(NULL, Object(Config\Cache), false)
#3 C:\xampp\htdocs\Pemsi_UTS\public\index.php(37): CodeIgniter\CodeIgniter->run()
#4 C:\xampp\htdocs\Pemsi_UTS\system\Commands\Server\rewrite.php(43): require_once('C:\\xampp\\htdocs...')
#5 {main}
CRITICAL - 2022-04-12 22:42:04 --> A non-numeric value encountered
#0 C:\xampp\htdocs\Pemsi_UTS\app\Views\User\New.php(7): CodeIgniter\Debug\Exceptions->errorHandler(2, 'A non-numeric v...', 'C:\\xampp\\htdocs...', 7, Array)
#1 C:\xampp\htdocs\Pemsi_UTS\system\View\View.php(210): include('C:\\xampp\\htdocs...')
#2 C:\xampp\htdocs\Pemsi_UTS\system\View\View.php(213): CodeIgniter\View\View->CodeIgniter\View\{closure}()
#3 C:\xampp\htdocs\Pemsi_UTS\system\Common.php(1089): CodeIgniter\View\View->render('User/New', Array, true)
#4 C:\xampp\htdocs\Pemsi_UTS\app\Controllers\Penjual.php(28): view('User/New', Array)
#5 C:\xampp\htdocs\Pemsi_UTS\system\CodeIgniter.php(832): App\Controllers\Penjual->create()
#6 C:\xampp\htdocs\Pemsi_UTS\system\CodeIgniter.php(419): CodeIgniter\CodeIgniter->runController(Object(App\Controllers\Penjual))
#7 C:\xampp\htdocs\Pemsi_UTS\system\CodeIgniter.php(326): CodeIgniter\CodeIgniter->handleRequest(NULL, Object(Config\Cache), false)
#8 C:\xampp\htdocs\Pemsi_UTS\public\index.php(37): CodeIgniter\CodeIgniter->run()
#9 C:\xampp\htdocs\Pemsi_UTS\system\Commands\Server\rewrite.php(43): require_once('C:\\xampp\\htdocs...')
#10 {main}
